Using pre-set license
Built from '2020.3/staging' branch; Version is '2020.3.5f1 (8095aa901b9b) revision 8426922'; Using compiler version '192528614'; Build Type 'Release'
OS: 'Windows 10 Home; OS build 19043.985; Version 2009; 64bit' Language: 'en' Physical Memory: 8174 MB
BatchMode: 1, IsHumanControllingUs: 0, StartBugReporterOnCrash: 0, Is64bit: 1, IsPro: 0

 COMMAND LINE ARGUMENTS:
G:\Unity\2020.3.5f1\Editor\Unity.exe
-adb2
-batchMode
-noUpm
-name
AssetImportWorker0
-projectPath
G:/Documents/School/Cyfrowanka/2020-21/Game Dev/Unity/Korwin_Clicker
-logFile
Logs/AssetImportWorker0.log
-srvPort
51639
Successfully changed project path to: G:/Documents/School/Cyfrowanka/2020-21/Game Dev/Unity/Korwin_Clicker
G:/Documents/School/Cyfrowanka/2020-21/Game Dev/Unity/Korwin_Clicker
Using Asset Import Pipeline V2.
Refreshing native plugins compatible for Editor in 68.25 ms, found 0 plugins.
Preloading 0 native plugins for Editor in 0.00 ms.
Initialize engine version: 2020.3.5f1 (8095aa901b9b)
[Subsystems] Discovering subsystems at path G:/Unity/2020.3.5f1/Editor/Data/Resources/UnitySubsystems
[Subsystems] Discovering subsystems at path G:/Documents/School/Cyfrowanka/2020-21/Game Dev/Unity/Korwin_Clicker/Assets
GfxDevice: creating device client; threaded=0
Direct3D:
    Version:  Direct3D 11.0 [level 11.1]
    Renderer: AMD Radeon (TM) R7 360 Series (ID=0x665f)
    Vendor:   
    VRAM:     2024 MB
    Driver:   26.20.12028.2
Initialize mono
Mono path[0] = 'G:/Unity/2020.3.5f1/Editor/Data/Managed'
Mono path[1] = 'G:/Unity/2020.3.5f1/Editor/Data/MonoBleedingEdge/lib/mono/unityjit'
Mono config path = 'G:/Unity/2020.3.5f1/Editor/Data/MonoBleedingEdge/etc'
Using monoOptions --debugger-agent=transport=dt_socket,embedding=1,server=y,suspend=n,address=127.0.0.1:56868
Begin MonoManager ReloadAssembly
Registering precompiled unity dll's ...
Register platform support module: G:/Unity/2020.3.5f1/Editor/Data/PlaybackEngines/WebGLSupport/UnityEditor.WebGL.Extensions.dll
Register platform support module: G:/Unity/2020.3.5f1/Editor/Data/PlaybackEngines/WindowsStandaloneSupport/UnityEditor.WindowsStandalone.Extensions.dll
Register platform support module: G:/Unity/2020.3.5f1/Editor/Data/PlaybackEngines/LinuxStandaloneSupport/UnityEditor.LinuxStandalone.Extensions.dll
Registered in 0.004873 seconds.
Native extension for LinuxStandalone target not found
Native extension for WindowsStandalone target not found
Native extension for WebGL target not found
Refreshing native plugins compatible for Editor in 39.78 ms, found 0 plugins.
Preloading 0 native plugins for Editor in 0.00 ms.
Mono: successfully reloaded assembly
- Completed reload, in  5.017 seconds
Platform modules already initialized, skipping
Registering precompiled user dll's ...
Registered in 0.001380 seconds.
Begin MonoManager ReloadAssembly
Native extension for LinuxStandalone target not found
Native extension for WindowsStandalone target not found
Native extension for WebGL target not found
Refreshing native plugins compatible for Editor in 0.36 ms, found 0 plugins.
Preloading 0 native plugins for Editor in 0.00 ms.
Mono: successfully reloaded assembly
- Completed reload, in  1.590 seconds
Platform modules already initialized, skipping
========================================================================
Worker process is ready to serve import requests
Launched and connected shader compiler UnityShaderCompiler.exe after 0.09 seconds
Refreshing native plugins compatible for Editor in 0.33 ms, found 0 plugins.
Preloading 0 native plugins for Editor in 0.00 ms.
Unloading 1115 Unused Serialized files (Serialized files now loaded: 0)
System memory in use before: 56.9 MB.
System memory in use after: 57.0 MB.

Unloading 9 unused Assets to reduce memory usage. Loaded Objects now: 1558.
Total: 25.776700 ms (FindLiveObjects: 0.389700 ms CreateObjectMapping: 0.085900 ms MarkObjects: 25.207400 ms  DeleteObjects: 0.090500 ms)

========================================================================
Received Import Request.
  path: Assets
  artifactKey: Guid(00000000000000001000000000000000) Importer(815301076,1909f56bfc062723c751e8b465ee728b)
Start importing Assets using Guid(00000000000000001000000000000000) Importer(815301076,1909f56bfc062723c751e8b465ee728b)  -> (artifact id: 'e4856052512617ee48189cf1d7999900') in 0.016432 seconds
  Import took 0.024698 seconds .

========================================================================
Received Import Request.
  Time since last request: 0.978414 seconds.
  path: Assets/Scripts
  artifactKey: Guid(58ef962290a99ed4c980e419df05b653) Importer(815301076,1909f56bfc062723c751e8b465ee728b)
Start importing Assets/Scripts using Guid(58ef962290a99ed4c980e419df05b653) Importer(815301076,1909f56bfc062723c751e8b465ee728b)  -> (artifact id: '66c7375b5885a39b6dbc891e1bae27bc') in 0.006885 seconds
  Import took 0.014544 seconds .

========================================================================
Received Import Request.
  Time since last request: 6.092424 seconds.
  path: Assets/Scripts/Btn.cs
  artifactKey: Guid(19664bf3a221c5b4487faad947af4c88) Importer(815301076,1909f56bfc062723c751e8b465ee728b)
Start importing Assets/Scripts/Btn.cs using Guid(19664bf3a221c5b4487faad947af4c88) Importer(815301076,1909f56bfc062723c751e8b465ee728b)  -> (artifact id: '382035b8a1f0116668c1f775bd98237c') in 0.116158 seconds
  Import took 0.125083 seconds .

========================================================================
Received Prepare
Registering precompiled user dll's ...
Registered in 0.001418 seconds.
Begin MonoManager ReloadAssembly
Native extension for LinuxStandalone target not found
Native extension for WindowsStandalone target not found
Native extension for WebGL target not found
Refreshing native plugins compatible for Editor in 0.34 ms, found 0 plugins.
Preloading 0 native plugins for Editor in 0.00 ms.
Mono: successfully reloaded assembly
- Completed reload, in  1.506 seconds
Platform modules already initialized, skipping
Refreshing native plugins compatible for Editor in 0.32 ms, found 0 plugins.
Preloading 0 native plugins for Editor in 0.00 ms.
Unloading 1110 Unused Serialized files (Serialized files now loaded: 0)
System memory in use before: 56.8 MB.
System memory in use after: 56.9 MB.

Unloading 4 unused Assets to reduce memory usage. Loaded Objects now: 1562.
Total: 2.768800 ms (FindLiveObjects: 0.344500 ms CreateObjectMapping: 0.099400 ms MarkObjects: 2.285400 ms  DeleteObjects: 0.038100 ms)

