Using pre-set license
Built from '2020.3/staging' branch; Version is '2020.3.5f1 (8095aa901b9b) revision 8426922'; Using compiler version '192528614'; Build Type 'Release'
OS: 'Windows 10 Home; OS build 19043.985; Version 2009; 64bit' Language: 'en' Physical Memory: 8174 MB
BatchMode: 1, IsHumanControllingUs: 0, StartBugReporterOnCrash: 0, Is64bit: 1, IsPro: 0

 COMMAND LINE ARGUMENTS:
G:\Unity\2020.3.5f1\Editor\Unity.exe
-adb2
-batchMode
-noUpm
-name
AssetImportWorker0
-projectPath
G:/Documents/School/Cyfrowanka/2020-21/Game Dev/Unity/Korwin_Clicker
-logFile
Logs/AssetImportWorker0.log
-srvPort
52191
Successfully changed project path to: G:/Documents/School/Cyfrowanka/2020-21/Game Dev/Unity/Korwin_Clicker
G:/Documents/School/Cyfrowanka/2020-21/Game Dev/Unity/Korwin_Clicker
Using Asset Import Pipeline V2.
Refreshing native plugins compatible for Editor in 66.62 ms, found 1 plugins.
Preloading 0 native plugins for Editor in 0.00 ms.
Initialize engine version: 2020.3.5f1 (8095aa901b9b)
[Subsystems] Discovering subsystems at path G:/Unity/2020.3.5f1/Editor/Data/Resources/UnitySubsystems
[Subsystems] Discovering subsystems at path G:/Documents/School/Cyfrowanka/2020-21/Game Dev/Unity/Korwin_Clicker/Assets
GfxDevice: creating device client; threaded=0
Direct3D:
    Version:  Direct3D 11.0 [level 11.1]
    Renderer: AMD Radeon (TM) R7 360 Series (ID=0x665f)
    Vendor:   
    VRAM:     2024 MB
    Driver:   26.20.12028.2
Initialize mono
Mono path[0] = 'G:/Unity/2020.3.5f1/Editor/Data/Managed'
Mono path[1] = 'G:/Unity/2020.3.5f1/Editor/Data/MonoBleedingEdge/lib/mono/unityjit'
Mono config path = 'G:/Unity/2020.3.5f1/Editor/Data/MonoBleedingEdge/etc'
Using monoOptions --debugger-agent=transport=dt_socket,embedding=1,server=y,suspend=n,address=127.0.0.1:56088
Begin MonoManager ReloadAssembly
Registering precompiled unity dll's ...
Register platform support module: G:/Unity/2020.3.5f1/Editor/Data/PlaybackEngines/WebGLSupport/UnityEditor.WebGL.Extensions.dll
Register platform support module: G:/Unity/2020.3.5f1/Editor/Data/PlaybackEngines/WindowsStandaloneSupport/UnityEditor.WindowsStandalone.Extensions.dll
Register platform support module: G:/Unity/2020.3.5f1/Editor/Data/PlaybackEngines/LinuxStandaloneSupport/UnityEditor.LinuxStandalone.Extensions.dll
Registered in 0.005180 seconds.
Native extension for LinuxStandalone target not found
Native extension for WindowsStandalone target not found
Native extension for WebGL target not found
Refreshing native plugins compatible for Editor in 66.49 ms, found 1 plugins.
Preloading 0 native plugins for Editor in 0.00 ms.
Mono: successfully reloaded assembly
- Completed reload, in  5.127 seconds
Platform modules already initialized, skipping
Registering precompiled user dll's ...
Registered in 0.002018 seconds.
Begin MonoManager ReloadAssembly
Native extension for LinuxStandalone target not found
Native extension for WindowsStandalone target not found
Native extension for WebGL target not found
Refreshing native plugins compatible for Editor in 64.06 ms, found 1 plugins.
Preloading 0 native plugins for Editor in 0.00 ms.
Mono: successfully reloaded assembly
- Completed reload, in  1.796 seconds
Platform modules already initialized, skipping
========================================================================
Worker process is ready to serve import requests
Launched and connected shader compiler UnityShaderCompiler.exe after 0.08 seconds
Refreshing native plugins compatible for Editor in 0.60 ms, found 1 plugins.
Preloading 0 native plugins for Editor in 0.00 ms.
Unloading 1808 Unused Serialized files (Serialized files now loaded: 0)
System memory in use before: 84.9 MB.
System memory in use after: 84.8 MB.

Unloading 24 unused Assets to reduce memory usage. Loaded Objects now: 2251.
Total: 4.342900 ms (FindLiveObjects: 0.892100 ms CreateObjectMapping: 0.161400 ms MarkObjects: 3.060700 ms  DeleteObjects: 0.226900 ms)

========================================================================
Received Import Request.
  path: Assets/Script
  artifactKey: Guid(ecf69ee9122c0d84c8635e928e8ab8a9) Importer(815301076,1909f56bfc062723c751e8b465ee728b)
Start importing Assets/Script using Guid(ecf69ee9122c0d84c8635e928e8ab8a9) Importer(815301076,1909f56bfc062723c751e8b465ee728b)  -> (artifact id: '39690a4414f396e4cf446dcc2fa71e2f') in 0.009916 seconds
  Import took 0.021046 seconds .

========================================================================
Received Import Request.
  Time since last request: 0.383932 seconds.
  path: Assets/Scripts
  artifactKey: Guid(ecf69ee9122c0d84c8635e928e8ab8a9) Importer(815301076,1909f56bfc062723c751e8b465ee728b)
Start importing Assets/Scripts using Guid(ecf69ee9122c0d84c8635e928e8ab8a9) Importer(815301076,1909f56bfc062723c751e8b465ee728b)  -> (artifact id: '999812008d9cf86f4bf0553f53c6d99f') in 0.006160 seconds
  Import took 0.016846 seconds .

========================================================================
Received Import Request.
  Time since last request: 9.103277 seconds.
  path: Assets/Scripts/StartBtn.cs
  artifactKey: Guid(5b892a9f400a9bb45887a090808ff2bc) Importer(815301076,1909f56bfc062723c751e8b465ee728b)
Start importing Assets/Scripts/StartBtn.cs using Guid(5b892a9f400a9bb45887a090808ff2bc) Importer(815301076,1909f56bfc062723c751e8b465ee728b)  -> (artifact id: '930f5344f000fde58ff2c19ca2659a75') in 0.080859 seconds
  Import took 0.090623 seconds .

========================================================================
Received Import Request.
  Time since last request: 0.084747 seconds.
  path: Assets/Scripts/StartBtn.cs
  artifactKey: Guid(5b892a9f400a9bb45887a090808ff2bc) Importer(815301076,1909f56bfc062723c751e8b465ee728b)
Start importing Assets/Scripts/StartBtn.cs using Guid(5b892a9f400a9bb45887a090808ff2bc) Importer(815301076,1909f56bfc062723c751e8b465ee728b)  -> (artifact id: '930f5344f000fde58ff2c19ca2659a75') in 0.006248 seconds
  Import took 0.015984 seconds .

========================================================================
Received Import Request.
  Time since last request: 407.763948 seconds.
  path: Assets/Scripts/StartBtn.cs
  artifactKey: Guid(5b892a9f400a9bb45887a090808ff2bc) Importer(815301076,1909f56bfc062723c751e8b465ee728b)
Start importing Assets/Scripts/StartBtn.cs using Guid(5b892a9f400a9bb45887a090808ff2bc) Importer(815301076,1909f56bfc062723c751e8b465ee728b)  -> (artifact id: 'ca2b4e448689bcb8314b0461eecb8dd1') in 0.013021 seconds
  Import took 0.027585 seconds .

========================================================================
Received Prepare
Registering precompiled user dll's ...
Registered in 0.037060 seconds.
Begin MonoManager ReloadAssembly
Native extension for LinuxStandalone target not found
Native extension for WindowsStandalone target not found
Native extension for WebGL target not found
Refreshing native plugins compatible for Editor in 0.62 ms, found 1 plugins.
Preloading 0 native plugins for Editor in 0.00 ms.
Mono: successfully reloaded assembly
- Completed reload, in  1.606 seconds
Platform modules already initialized, skipping
Refreshing native plugins compatible for Editor in 0.54 ms, found 1 plugins.
Preloading 0 native plugins for Editor in 0.00 ms.
Unloading 1804 Unused Serialized files (Serialized files now loaded: 0)
System memory in use before: 84.9 MB.
System memory in use after: 84.8 MB.

Unloading 12 unused Assets to reduce memory usage. Loaded Objects now: 2256.
Total: 3.179000 ms (FindLiveObjects: 0.385400 ms CreateObjectMapping: 0.114500 ms MarkObjects: 2.482700 ms  DeleteObjects: 0.195000 ms)

========================================================================
Received Prepare
Registering precompiled user dll's ...
Registered in 0.015562 seconds.
Begin MonoManager ReloadAssembly
Native extension for LinuxStandalone target not found
Native extension for WindowsStandalone target not found
Native extension for WebGL target not found
Refreshing native plugins compatible for Editor in 0.63 ms, found 1 plugins.
Preloading 0 native plugins for Editor in 0.00 ms.
Mono: successfully reloaded assembly
- Completed reload, in  1.729 seconds
Platform modules already initialized, skipping
Refreshing native plugins compatible for Editor in 0.59 ms, found 1 plugins.
Preloading 0 native plugins for Editor in 0.00 ms.
Unloading 1804 Unused Serialized files (Serialized files now loaded: 0)
System memory in use before: 84.9 MB.
System memory in use after: 84.9 MB.

Unloading 12 unused Assets to reduce memory usage. Loaded Objects now: 2260.
Total: 3.835300 ms (FindLiveObjects: 0.383400 ms CreateObjectMapping: 0.117400 ms MarkObjects: 3.070000 ms  DeleteObjects: 0.261900 ms)

========================================================================
Received Import Request.
  Time since last request: 401.356278 seconds.
  path: Assets/Scripts/StartBtn.cs
  artifactKey: Guid(5b892a9f400a9bb45887a090808ff2bc) Importer(815301076,1909f56bfc062723c751e8b465ee728b)
Start importing Assets/Scripts/StartBtn.cs using Guid(5b892a9f400a9bb45887a090808ff2bc) Importer(815301076,1909f56bfc062723c751e8b465ee728b)  -> (artifact id: '450773c210b898b7fcc711c6ca8969e6') in 0.014470 seconds
  Import took 0.024487 seconds .

========================================================================
Received Prepare
Registering precompiled user dll's ...
Registered in 0.002510 seconds.
Begin MonoManager ReloadAssembly
Native extension for LinuxStandalone target not found
Native extension for WindowsStandalone target not found
Native extension for WebGL target not found
Refreshing native plugins compatible for Editor in 0.71 ms, found 1 plugins.
Preloading 0 native plugins for Editor in 0.00 ms.
Mono: successfully reloaded assembly
- Completed reload, in  1.963 seconds
Platform modules already initialized, skipping
Refreshing native plugins compatible for Editor in 0.62 ms, found 1 plugins.
Preloading 0 native plugins for Editor in 0.00 ms.
Unloading 1804 Unused Serialized files (Serialized files now loaded: 0)
System memory in use before: 84.9 MB.
System memory in use after: 84.9 MB.

Unloading 12 unused Assets to reduce memory usage. Loaded Objects now: 2264.
Total: 3.572100 ms (FindLiveObjects: 0.447600 ms CreateObjectMapping: 0.126300 ms MarkObjects: 2.807700 ms  DeleteObjects: 0.188000 ms)

========================================================================
Received Prepare
Registering precompiled user dll's ...
Registered in 0.002146 seconds.
Begin MonoManager ReloadAssembly
Native extension for LinuxStandalone target not found
Native extension for WindowsStandalone target not found
Native extension for WebGL target not found
Refreshing native plugins compatible for Editor in 0.92 ms, found 1 plugins.
Preloading 0 native plugins for Editor in 0.00 ms.
Mono: successfully reloaded assembly
- Completed reload, in  1.697 seconds
Platform modules already initialized, skipping
Refreshing native plugins compatible for Editor in 0.97 ms, found 1 plugins.
Preloading 0 native plugins for Editor in 0.00 ms.
Unloading 1804 Unused Serialized files (Serialized files now loaded: 0)
System memory in use before: 84.9 MB.
System memory in use after: 84.9 MB.

Unloading 12 unused Assets to reduce memory usage. Loaded Objects now: 2268.
Total: 3.405500 ms (FindLiveObjects: 0.423500 ms CreateObjectMapping: 0.116600 ms MarkObjects: 2.665700 ms  DeleteObjects: 0.197600 ms)

========================================================================
Received Import Request.
  Time since last request: 373.171796 seconds.
  path: Assets/E3gyLnHXEAAVvZP.jpg
  artifactKey: Guid(4f553fd8884015a4e9e817e2af01649f) Importer(815301076,1909f56bfc062723c751e8b465ee728b)
Start importing Assets/E3gyLnHXEAAVvZP.jpg using Guid(4f553fd8884015a4e9e817e2af01649f) Importer(815301076,1909f56bfc062723c751e8b465ee728b)  -> (artifact id: 'd6f27b9e8c7b36123c70b25cb3af921d') in 0.419116 seconds
  Import took 0.430646 seconds .

========================================================================
Received Prepare
Registering precompiled user dll's ...
Registered in 0.002214 seconds.
Begin MonoManager ReloadAssembly
Native extension for LinuxStandalone target not found
Native extension for WindowsStandalone target not found
Native extension for WebGL target not found
Refreshing native plugins compatible for Editor in 1.34 ms, found 1 plugins.
Preloading 0 native plugins for Editor in 0.00 ms.
Mono: successfully reloaded assembly
- Completed reload, in  1.641 seconds
Platform modules already initialized, skipping
Refreshing native plugins compatible for Editor in 0.57 ms, found 1 plugins.
Preloading 0 native plugins for Editor in 0.00 ms.
Unloading 1804 Unused Serialized files (Serialized files now loaded: 0)
System memory in use before: 88.0 MB.
System memory in use after: 88.0 MB.

Unloading 12 unused Assets to reduce memory usage. Loaded Objects now: 2278.
Total: 3.642800 ms (FindLiveObjects: 0.490500 ms CreateObjectMapping: 0.136800 ms MarkObjects: 2.823200 ms  DeleteObjects: 0.189900 ms)

========================================================================
Received Prepare
Registering precompiled user dll's ...
Registered in 0.002122 seconds.
Begin MonoManager ReloadAssembly
Native extension for LinuxStandalone target not found
Native extension for WindowsStandalone target not found
Native extension for WebGL target not found
Refreshing native plugins compatible for Editor in 0.61 ms, found 1 plugins.
Preloading 0 native plugins for Editor in 0.00 ms.
Mono: successfully reloaded assembly
- Completed reload, in  1.714 seconds
Platform modules already initialized, skipping
Refreshing native plugins compatible for Editor in 0.60 ms, found 1 plugins.
Preloading 0 native plugins for Editor in 0.00 ms.
Unloading 1804 Unused Serialized files (Serialized files now loaded: 0)
System memory in use before: 88.0 MB.
System memory in use after: 88.0 MB.

Unloading 12 unused Assets to reduce memory usage. Loaded Objects now: 2282.
Total: 3.324100 ms (FindLiveObjects: 0.436200 ms CreateObjectMapping: 0.138500 ms MarkObjects: 2.564100 ms  DeleteObjects: 0.183200 ms)

========================================================================
Received Prepare
Registering precompiled user dll's ...
Registered in 0.002124 seconds.
Begin MonoManager ReloadAssembly
Native extension for LinuxStandalone target not found
Native extension for WindowsStandalone target not found
Native extension for WebGL target not found
Refreshing native plugins compatible for Editor in 0.64 ms, found 1 plugins.
Preloading 0 native plugins for Editor in 0.00 ms.
Mono: successfully reloaded assembly
- Completed reload, in  1.801 seconds
Platform modules already initialized, skipping
Refreshing native plugins compatible for Editor in 0.69 ms, found 1 plugins.
Preloading 0 native plugins for Editor in 0.00 ms.
Unloading 1805 Unused Serialized files (Serialized files now loaded: 0)
System memory in use before: 88.1 MB.
System memory in use after: 88.0 MB.

Unloading 12 unused Assets to reduce memory usage. Loaded Objects now: 2287.
Total: 3.478300 ms (FindLiveObjects: 0.413100 ms CreateObjectMapping: 0.125900 ms MarkObjects: 2.733600 ms  DeleteObjects: 0.203800 ms)

========================================================================
Received Import Request.
  Time since last request: 440.723257 seconds.
  path: Assets/Scripts/Game.cs
  artifactKey: Guid(5ba39a978f358ce4098d68156a86b237) Importer(815301076,1909f56bfc062723c751e8b465ee728b)
Start importing Assets/Scripts/Game.cs using Guid(5ba39a978f358ce4098d68156a86b237) Importer(815301076,1909f56bfc062723c751e8b465ee728b)  -> (artifact id: 'ef3fd7b6f2ccc9b7598e28a0e956a1a1') in 0.010474 seconds
  Import took 0.022575 seconds .

========================================================================
Received Prepare
Registering precompiled user dll's ...
Registered in 0.002302 seconds.
Begin MonoManager ReloadAssembly
Native extension for LinuxStandalone target not found
Native extension for WindowsStandalone target not found
Native extension for WebGL target not found
Refreshing native plugins compatible for Editor in 0.61 ms, found 1 plugins.
Preloading 0 native plugins for Editor in 0.00 ms.
Mono: successfully reloaded assembly
- Completed reload, in  1.842 seconds
Platform modules already initialized, skipping
Refreshing native plugins compatible for Editor in 0.57 ms, found 1 plugins.
Preloading 0 native plugins for Editor in 0.00 ms.
Unloading 1805 Unused Serialized files (Serialized files now loaded: 0)
System memory in use before: 88.1 MB.
System memory in use after: 88.0 MB.

Unloading 12 unused Assets to reduce memory usage. Loaded Objects now: 2291.
Total: 3.419800 ms (FindLiveObjects: 0.441400 ms CreateObjectMapping: 0.121100 ms MarkObjects: 2.654900 ms  DeleteObjects: 0.199900 ms)

========================================================================
Received Prepare
Registering precompiled user dll's ...
Registered in 0.002288 seconds.
Begin MonoManager ReloadAssembly
Native extension for LinuxStandalone target not found
Native extension for WindowsStandalone target not found
Native extension for WebGL target not found
Refreshing native plugins compatible for Editor in 0.62 ms, found 1 plugins.
Preloading 0 native plugins for Editor in 0.00 ms.
Mono: successfully reloaded assembly
- Completed reload, in  1.730 seconds
Platform modules already initialized, skipping
Refreshing native plugins compatible for Editor in 0.62 ms, found 1 plugins.
Preloading 0 native plugins for Editor in 0.00 ms.
Unloading 1805 Unused Serialized files (Serialized files now loaded: 0)
System memory in use before: 88.1 MB.
System memory in use after: 88.1 MB.

Unloading 12 unused Assets to reduce memory usage. Loaded Objects now: 2295.
Total: 3.517800 ms (FindLiveObjects: 0.384800 ms CreateObjectMapping: 0.115200 ms MarkObjects: 2.809000 ms  DeleteObjects: 0.206500 ms)

========================================================================
Received Import Request.
  Time since last request: 379.296375 seconds.
  path: Assets/Scripts/Game.cs
  artifactKey: Guid(5ba39a978f358ce4098d68156a86b237) Importer(815301076,1909f56bfc062723c751e8b465ee728b)
Start importing Assets/Scripts/Game.cs using Guid(5ba39a978f358ce4098d68156a86b237) Importer(815301076,1909f56bfc062723c751e8b465ee728b)  -> (artifact id: 'b811e7206b288c353e66f6fe1828111a') in 0.009897 seconds
  Import took 0.021678 seconds .

========================================================================
Received Prepare
Registering precompiled user dll's ...
Registered in 0.002346 seconds.
Begin MonoManager ReloadAssembly
Native extension for LinuxStandalone target not found
Native extension for WindowsStandalone target not found
Native extension for WebGL target not found
Refreshing native plugins compatible for Editor in 0.55 ms, found 1 plugins.
Preloading 0 native plugins for Editor in 0.00 ms.
Mono: successfully reloaded assembly
- Completed reload, in  1.698 seconds
Platform modules already initialized, skipping
Refreshing native plugins compatible for Editor in 0.57 ms, found 1 plugins.
Preloading 0 native plugins for Editor in 0.00 ms.
Unloading 1805 Unused Serialized files (Serialized files now loaded: 0)
System memory in use before: 88.1 MB.
System memory in use after: 88.1 MB.

Unloading 12 unused Assets to reduce memory usage. Loaded Objects now: 2299.
Total: 3.210600 ms (FindLiveObjects: 0.382600 ms CreateObjectMapping: 0.117100 ms MarkObjects: 2.509200 ms  DeleteObjects: 0.199700 ms)

========================================================================
Received Prepare
Registering precompiled user dll's ...
Registered in 0.002977 seconds.
Begin MonoManager ReloadAssembly
Native extension for LinuxStandalone target not found
Native extension for WindowsStandalone target not found
Native extension for WebGL target not found
Refreshing native plugins compatible for Editor in 0.84 ms, found 1 plugins.
Preloading 0 native plugins for Editor in 0.00 ms.
Mono: successfully reloaded assembly
- Completed reload, in  1.713 seconds
Platform modules already initialized, skipping
Refreshing native plugins compatible for Editor in 0.61 ms, found 1 plugins.
Preloading 0 native plugins for Editor in 0.00 ms.
Unloading 1805 Unused Serialized files (Serialized files now loaded: 0)
System memory in use before: 88.1 MB.
System memory in use after: 88.1 MB.

Unloading 12 unused Assets to reduce memory usage. Loaded Objects now: 2303.
Total: 3.311300 ms (FindLiveObjects: 0.394800 ms CreateObjectMapping: 0.115100 ms MarkObjects: 2.606300 ms  DeleteObjects: 0.193400 ms)

